d:\documents\과제\데이터베이스\데이터베이스 미니프로젝트3\pc_franchise\pc_franchise\release\vc142.pdb
d:\documents\과제\데이터베이스\데이터베이스 미니프로젝트3\pc_franchise\pc_franchise\release\.netframework,version=v4.7.2.assemblyattributes.obj
d:\documents\과제\데이터베이스\데이터베이스 미니프로젝트3\pc_franchise\pc_franchise\release\updatequeryform.obj
d:\documents\과제\데이터베이스\데이터베이스 미니프로젝트3\pc_franchise\pc_franchise\release\schemacheckform.obj
d:\documents\과제\데이터베이스\데이터베이스 미니프로젝트3\pc_franchise\pc_franchise\release\selectqueryform.obj
d:\documents\과제\데이터베이스\데이터베이스 미니프로젝트3\pc_franchise\pc_franchise\release\mainform.obj
d:\documents\과제\데이터베이스\데이터베이스 미니프로젝트3\pc_franchise\pc_franchise\release\insertqueryform.obj
d:\documents\과제\데이터베이스\데이터베이스 미니프로젝트3\pc_franchise\pc_franchise\release\deletequeryform.obj
d:\documents\과제\데이터베이스\데이터베이스 미니프로젝트3\pc_franchise\pc_franchise\release\customqueryform.obj
d:\documents\과제\데이터베이스\데이터베이스 미니프로젝트3\pc_franchise\pc_franchise\release\pcfranchise.customqueryform.resources
d:\documents\과제\데이터베이스\데이터베이스 미니프로젝트3\pc_franchise\pc_franchise\release\pcfranchise.deletequeryform.resources
d:\documents\과제\데이터베이스\데이터베이스 미니프로젝트3\pc_franchise\pc_franchise\release\pcfranchise.insertqueryform.resources
d:\documents\과제\데이터베이스\데이터베이스 미니프로젝트3\pc_franchise\pc_franchise\release\pcfranchise.mainform.resources
d:\documents\과제\데이터베이스\데이터베이스 미니프로젝트3\pc_franchise\pc_franchise\release\pcfranchise.schemacheckform.resources
d:\documents\과제\데이터베이스\데이터베이스 미니프로젝트3\pc_franchise\pc_franchise\release\pcfranchise.selectqueryform.resources
d:\documents\과제\데이터베이스\데이터베이스 미니프로젝트3\pc_franchise\pc_franchise\release\pcfranchise.updatequeryform.resources
d:\documents\과제\데이터베이스\데이터베이스 미니프로젝트3\pc_franchise\pc_franchise\release\pc_franchise.vcxproj.generateresource.cache
d:\documents\과제\데이터베이스\데이터베이스 미니프로젝트3\pc_franchise\release\pc_franchise.pdb
d:\documents\과제\데이터베이스\데이터베이스 미니프로젝트3\pc_franchise\pc_franchise\release\pc_franchise.tlog\cl.command.1.tlog
d:\documents\과제\데이터베이스\데이터베이스 미니프로젝트3\pc_franchise\pc_franchise\release\pc_franchise.tlog\cl.read.1.tlog
d:\documents\과제\데이터베이스\데이터베이스 미니프로젝트3\pc_franchise\pc_franchise\release\pc_franchise.tlog\cl.write.1.tlog
d:\documents\과제\데이터베이스\데이터베이스 미니프로젝트3\pc_franchise\pc_franchise\release\pc_franchise.tlog\link.13516.read.1.tlog
d:\documents\과제\데이터베이스\데이터베이스 미니프로젝트3\pc_franchise\pc_franchise\release\pc_franchise.tlog\link.13516.write.1.tlog
d:\documents\과제\데이터베이스\데이터베이스 미니프로젝트3\pc_franchise\pc_franchise\release\pc_franchise.tlog\link.15620.read.1.tlog
d:\documents\과제\데이터베이스\데이터베이스 미니프로젝트3\pc_franchise\pc_franchise\release\pc_franchise.tlog\link.15620.write.1.tlog
d:\documents\과제\데이터베이스\데이터베이스 미니프로젝트3\pc_franchise\pc_franchise\release\pc_franchise.tlog\link.18760.read.1.tlog
d:\documents\과제\데이터베이스\데이터베이스 미니프로젝트3\pc_franchise\pc_franchise\release\pc_franchise.tlog\link.18760.write.1.tlog
d:\documents\과제\데이터베이스\데이터베이스 미니프로젝트3\pc_franchise\pc_franchise\release\pc_franchise.tlog\link.22200-cvtres.read.1.tlog
d:\documents\과제\데이터베이스\데이터베이스 미니프로젝트3\pc_franchise\pc_franchise\release\pc_franchise.tlog\link.22200-cvtres.write.1.tlog
d:\documents\과제\데이터베이스\데이터베이스 미니프로젝트3\pc_franchise\pc_franchise\release\pc_franchise.tlog\link.22200-rc.read.1.tlog
d:\documents\과제\데이터베이스\데이터베이스 미니프로젝트3\pc_franchise\pc_franchise\release\pc_franchise.tlog\link.22200-rc.write.1.tlog
d:\documents\과제\데이터베이스\데이터베이스 미니프로젝트3\pc_franchise\pc_franchise\release\pc_franchise.tlog\link.22200.read.1.tlog
d:\documents\과제\데이터베이스\데이터베이스 미니프로젝트3\pc_franchise\pc_franchise\release\pc_franchise.tlog\link.22200.write.1.tlog
d:\documents\과제\데이터베이스\데이터베이스 미니프로젝트3\pc_franchise\pc_franchise\release\pc_franchise.tlog\link.22880.read.1.tlog
d:\documents\과제\데이터베이스\데이터베이스 미니프로젝트3\pc_franchise\pc_franchise\release\pc_franchise.tlog\link.22880.write.1.tlog
d:\documents\과제\데이터베이스\데이터베이스 미니프로젝트3\pc_franchise\pc_franchise\release\pc_franchise.tlog\link.3468-cvtres.read.1.tlog
d:\documents\과제\데이터베이스\데이터베이스 미니프로젝트3\pc_franchise\pc_franchise\release\pc_franchise.tlog\link.3468-cvtres.write.1.tlog
d:\documents\과제\데이터베이스\데이터베이스 미니프로젝트3\pc_franchise\pc_franchise\release\pc_franchise.tlog\link.3468-rc.read.1.tlog
d:\documents\과제\데이터베이스\데이터베이스 미니프로젝트3\pc_franchise\pc_franchise\release\pc_franchise.tlog\link.3468-rc.write.1.tlog
d:\documents\과제\데이터베이스\데이터베이스 미니프로젝트3\pc_franchise\pc_franchise\release\pc_franchise.tlog\link.3468.read.1.tlog
d:\documents\과제\데이터베이스\데이터베이스 미니프로젝트3\pc_franchise\pc_franchise\release\pc_franchise.tlog\link.3468.write.1.tlog
d:\documents\과제\데이터베이스\데이터베이스 미니프로젝트3\pc_franchise\pc_franchise\release\pc_franchise.tlog\link.command.1.tlog
d:\documents\과제\데이터베이스\데이터베이스 미니프로젝트3\pc_franchise\pc_franchise\release\pc_franchise.tlog\link.read.1.tlog
d:\documents\과제\데이터베이스\데이터베이스 미니프로젝트3\pc_franchise\pc_franchise\release\pc_franchise.tlog\link.write.1.tlog
d:\documents\과제\데이터베이스\데이터베이스 미니프로젝트3\pc_franchise\pc_franchise\release\pc_franchise.tlog\metagen.read.1.tlog
d:\documents\과제\데이터베이스\데이터베이스 미니프로젝트3\pc_franchise\pc_franchise\release\pc_franchise.tlog\metagen.write.1.tlog
d:\documents\과제\데이터베이스\데이터베이스 미니프로젝트3\pc_franchise\pc_franchise\release\pc_franchise.tlog\pc_franchise.write.1u.tlog
