  CustomQueryForm.cpp
D:\Documents\과제\데이터베이스\데이터베이스 미니프로젝트3\PC_Franchise\PC_Franchise\ProcessQuery.h(208,9): warning C4101: 'char_query' :참조되지 않은 지역 변수입니다.
D:\Documents\과제\데이터베이스\데이터베이스 미니프로젝트3\PC_Franchise\PC_Franchise\ProcessQuery.h(305,9): warning C4101: 'char_query' :참조되지 않은 지역 변수입니다.
D:\Documents\과제\데이터베이스\데이터베이스 미니프로젝트3\PC_Franchise\PC_Franchise\ProcessQuery.h(377,15): warning C4477: 'printf' : 서식 문자열 '%s'에 'char *' 형식의 인수가 필요하지만 variadic 인수 1의 형식이 'std::string'입니다.
D:\Documents\과제\데이터베이스\데이터베이스 미니프로젝트3\PC_Franchise\PC_Franchise\ProcessQuery.h(344,9): warning C4101: 'char_query' :참조되지 않은 지역 변수입니다.
  DeleteQueryForm.cpp
D:\Documents\과제\데이터베이스\데이터베이스 미니프로젝트3\PC_Franchise\PC_Franchise\ProcessQuery.h(208,9): warning C4101: 'char_query' :참조되지 않은 지역 변수입니다.
D:\Documents\과제\데이터베이스\데이터베이스 미니프로젝트3\PC_Franchise\PC_Franchise\ProcessQuery.h(305,9): warning C4101: 'char_query' :참조되지 않은 지역 변수입니다.
D:\Documents\과제\데이터베이스\데이터베이스 미니프로젝트3\PC_Franchise\PC_Franchise\ProcessQuery.h(377,15): warning C4477: 'printf' : 서식 문자열 '%s'에 'char *' 형식의 인수가 필요하지만 variadic 인수 1의 형식이 'std::string'입니다.
D:\Documents\과제\데이터베이스\데이터베이스 미니프로젝트3\PC_Franchise\PC_Franchise\ProcessQuery.h(344,9): warning C4101: 'char_query' :참조되지 않은 지역 변수입니다.
  InsertQueryForm.cpp
D:\Documents\과제\데이터베이스\데이터베이스 미니프로젝트3\PC_Franchise\PC_Franchise\ProcessQuery.h(208,9): warning C4101: 'char_query' :참조되지 않은 지역 변수입니다.
D:\Documents\과제\데이터베이스\데이터베이스 미니프로젝트3\PC_Franchise\PC_Franchise\ProcessQuery.h(305,9): warning C4101: 'char_query' :참조되지 않은 지역 변수입니다.
D:\Documents\과제\데이터베이스\데이터베이스 미니프로젝트3\PC_Franchise\PC_Franchise\ProcessQuery.h(377,15): warning C4477: 'printf' : 서식 문자열 '%s'에 'char *' 형식의 인수가 필요하지만 variadic 인수 1의 형식이 'std::string'입니다.
D:\Documents\과제\데이터베이스\데이터베이스 미니프로젝트3\PC_Franchise\PC_Franchise\ProcessQuery.h(344,9): warning C4101: 'char_query' :참조되지 않은 지역 변수입니다.
  MainForm.cpp
D:\Documents\과제\데이터베이스\데이터베이스 미니프로젝트3\PC_Franchise\PC_Franchise\ProcessQuery.h(136,5): warning C4996: 'sprintf': This function or variable may be unsafe. Consider using sprintf_s instead. To disable deprecation, use _CRT_SECURE_NO_WARNINGS. See online help for details.
D:\Documents\과제\데이터베이스\데이터베이스 미니프로젝트3\PC_Franchise\PC_Franchise\ProcessQuery.h(218,4): warning C4996: 'strcpy': This function or variable may be unsafe. Consider using strcpy_s instead. To disable deprecation, use _CRT_SECURE_NO_WARNINGS. See online help for details.
D:\Documents\과제\데이터베이스\데이터베이스 미니프로젝트3\PC_Franchise\PC_Franchise\ProcessQuery.h(222,5): warning C4996: 'sprintf': This function or variable may be unsafe. Consider using sprintf_s instead. To disable deprecation, use _CRT_SECURE_NO_WARNINGS. See online help for details.
D:\Documents\과제\데이터베이스\데이터베이스 미니프로젝트3\PC_Franchise\PC_Franchise\ProcessQuery.h(208,9): warning C4101: 'char_query' :참조되지 않은 지역 변수입니다.
D:\Documents\과제\데이터베이스\데이터베이스 미니프로젝트3\PC_Franchise\PC_Franchise\ProcessQuery.h(307,4): warning C4996: 'strcpy': This function or variable may be unsafe. Consider using strcpy_s instead. To disable deprecation, use _CRT_SECURE_NO_WARNINGS. See online help for details.
D:\Documents\과제\데이터베이스\데이터베이스 미니프로젝트3\PC_Franchise\PC_Franchise\ProcessQuery.h(311,5): warning C4996: 'sprintf': This function or variable may be unsafe. Consider using sprintf_s instead. To disable deprecation, use _CRT_SECURE_NO_WARNINGS. See online help for details.
D:\Documents\과제\데이터베이스\데이터베이스 미니프로젝트3\PC_Franchise\PC_Franchise\ProcessQuery.h(305,9): warning C4101: 'char_query' :참조되지 않은 지역 변수입니다.
D:\Documents\과제\데이터베이스\데이터베이스 미니프로젝트3\PC_Franchise\PC_Franchise\ProcessQuery.h(346,4): warning C4996: 'strcpy': This function or variable may be unsafe. Consider using strcpy_s instead. To disable deprecation, use _CRT_SECURE_NO_WARNINGS. See online help for details.
D:\Documents\과제\데이터베이스\데이터베이스 미니프로젝트3\PC_Franchise\PC_Franchise\ProcessQuery.h(377,15): warning C4477: 'printf' : 서식 문자열 '%s'에 'char *' 형식의 인수가 필요하지만 variadic 인수 1의 형식이 'std::string'입니다.
D:\Documents\과제\데이터베이스\데이터베이스 미니프로젝트3\PC_Franchise\PC_Franchise\ProcessQuery.h(350,5): warning C4996: 'sprintf': This function or variable may be unsafe. Consider using sprintf_s instead. To disable deprecation, use _CRT_SECURE_NO_WARNINGS. See online help for details.
D:\Documents\과제\데이터베이스\데이터베이스 미니프로젝트3\PC_Franchise\PC_Franchise\ProcessQuery.h(344,9): warning C4101: 'char_query' :참조되지 않은 지역 변수입니다.
D:\Documents\과제\데이터베이스\데이터베이스 미니프로젝트3\PC_Franchise\PC_Franchise\SchemaCheckForm.h(185,4): warning C4996: 'strcpy': This function or variable may be unsafe. Consider using strcpy_s instead. To disable deprecation, use _CRT_SECURE_NO_WARNINGS. See online help for details.
  SelectQueryForm.cpp
D:\Documents\과제\데이터베이스\데이터베이스 미니프로젝트3\PC_Franchise\PC_Franchise\ProcessQuery.h(208,9): warning C4101: 'char_query' :참조되지 않은 지역 변수입니다.
D:\Documents\과제\데이터베이스\데이터베이스 미니프로젝트3\PC_Franchise\PC_Franchise\ProcessQuery.h(305,9): warning C4101: 'char_query' :참조되지 않은 지역 변수입니다.
D:\Documents\과제\데이터베이스\데이터베이스 미니프로젝트3\PC_Franchise\PC_Franchise\ProcessQuery.h(377,15): warning C4477: 'printf' : 서식 문자열 '%s'에 'char *' 형식의 인수가 필요하지만 variadic 인수 1의 형식이 'std::string'입니다.
D:\Documents\과제\데이터베이스\데이터베이스 미니프로젝트3\PC_Franchise\PC_Franchise\ProcessQuery.h(344,9): warning C4101: 'char_query' :참조되지 않은 지역 변수입니다.
  SchemaCheckForm.cpp
D:\Documents\과제\데이터베이스\데이터베이스 미니프로젝트3\PC_Franchise\PC_Franchise\ProcessQuery.h(136,5): warning C4996: 'sprintf': This function or variable may be unsafe. Consider using sprintf_s instead. To disable deprecation, use _CRT_SECURE_NO_WARNINGS. See online help for details.
D:\Documents\과제\데이터베이스\데이터베이스 미니프로젝트3\PC_Franchise\PC_Franchise\ProcessQuery.h(218,4): warning C4996: 'strcpy': This function or variable may be unsafe. Consider using strcpy_s instead. To disable deprecation, use _CRT_SECURE_NO_WARNINGS. See online help for details.
D:\Documents\과제\데이터베이스\데이터베이스 미니프로젝트3\PC_Franchise\PC_Franchise\ProcessQuery.h(222,5): warning C4996: 'sprintf': This function or variable may be unsafe. Consider using sprintf_s instead. To disable deprecation, use _CRT_SECURE_NO_WARNINGS. See online help for details.
D:\Documents\과제\데이터베이스\데이터베이스 미니프로젝트3\PC_Franchise\PC_Franchise\ProcessQuery.h(208,9): warning C4101: 'char_query' :참조되지 않은 지역 변수입니다.
D:\Documents\과제\데이터베이스\데이터베이스 미니프로젝트3\PC_Franchise\PC_Franchise\ProcessQuery.h(307,4): warning C4996: 'strcpy': This function or variable may be unsafe. Consider using strcpy_s instead. To disable deprecation, use _CRT_SECURE_NO_WARNINGS. See online help for details.
D:\Documents\과제\데이터베이스\데이터베이스 미니프로젝트3\PC_Franchise\PC_Franchise\ProcessQuery.h(311,5): warning C4996: 'sprintf': This function or variable may be unsafe. Consider using sprintf_s instead. To disable deprecation, use _CRT_SECURE_NO_WARNINGS. See online help for details.
D:\Documents\과제\데이터베이스\데이터베이스 미니프로젝트3\PC_Franchise\PC_Franchise\ProcessQuery.h(305,9): warning C4101: 'char_query' :참조되지 않은 지역 변수입니다.
D:\Documents\과제\데이터베이스\데이터베이스 미니프로젝트3\PC_Franchise\PC_Franchise\ProcessQuery.h(346,4): warning C4996: 'strcpy': This function or variable may be unsafe. Consider using strcpy_s instead. To disable deprecation, use _CRT_SECURE_NO_WARNINGS. See online help for details.
D:\Documents\과제\데이터베이스\데이터베이스 미니프로젝트3\PC_Franchise\PC_Franchise\ProcessQuery.h(377,15): warning C4477: 'printf' : 서식 문자열 '%s'에 'char *' 형식의 인수가 필요하지만 variadic 인수 1의 형식이 'std::string'입니다.
D:\Documents\과제\데이터베이스\데이터베이스 미니프로젝트3\PC_Franchise\PC_Franchise\ProcessQuery.h(350,5): warning C4996: 'sprintf': This function or variable may be unsafe. Consider using sprintf_s instead. To disable deprecation, use _CRT_SECURE_NO_WARNINGS. See online help for details.
D:\Documents\과제\데이터베이스\데이터베이스 미니프로젝트3\PC_Franchise\PC_Franchise\ProcessQuery.h(344,9): warning C4101: 'char_query' :참조되지 않은 지역 변수입니다.
D:\Documents\과제\데이터베이스\데이터베이스 미니프로젝트3\PC_Franchise\PC_Franchise\SchemaCheckForm.h(185,4): warning C4996: 'strcpy': This function or variable may be unsafe. Consider using strcpy_s instead. To disable deprecation, use _CRT_SECURE_NO_WARNINGS. See online help for details.
  UpdateQueryForm.cpp
D:\Documents\과제\데이터베이스\데이터베이스 미니프로젝트3\PC_Franchise\PC_Franchise\ProcessQuery.h(208,9): warning C4101: 'char_query' :참조되지 않은 지역 변수입니다.
D:\Documents\과제\데이터베이스\데이터베이스 미니프로젝트3\PC_Franchise\PC_Franchise\ProcessQuery.h(305,9): warning C4101: 'char_query' :참조되지 않은 지역 변수입니다.
D:\Documents\과제\데이터베이스\데이터베이스 미니프로젝트3\PC_Franchise\PC_Franchise\ProcessQuery.h(377,15): warning C4477: 'printf' : 서식 문자열 '%s'에 'char *' 형식의 인수가 필요하지만 variadic 인수 1의 형식이 'std::string'입니다.
D:\Documents\과제\데이터베이스\데이터베이스 미니프로젝트3\PC_Franchise\PC_Franchise\ProcessQuery.h(344,9): warning C4101: 'char_query' :참조되지 않은 지역 변수입니다.
  .NETFramework,Version=v4.7.2.AssemblyAttributes.cpp
  코드를 생성하고 있습니다...
D:\Documents\과제\데이터베이스\데이터베이스 미니프로젝트3\PC_Franchise\PC_Franchise\ProcessQuery.h(182): warning C4715: 'ProcessQuery::SchemaCheck': 모든 제어 경로에서 값을 반환하지는 않습니다.
D:\Documents\과제\데이터베이스\데이터베이스 미니프로젝트3\PC_Franchise\PC_Franchise\ProcessQuery.h(182): warning C4715: 'ProcessQuery::SchemaCheck': 모든 제어 경로에서 값을 반환하지는 않습니다.
  CustomQueryForm.obj : MSIL 모듈이 발견되었습니다. MSIL에 증분 링크를 사용할 수 없습니다. 전체 링크를 수행하고 있습니다.
UpdateQueryForm.obj : error LNK2028: 해결되지 않은 토큰(0A0001EF) "extern "C" short __stdcall SQLDisconnect(void *)" (?SQLDisconnect@@$$J14YGFPAX@Z)을(를) "public: void __thiscall ProcessQuery::DBDisconnect(void)" (?DBDisconnect@ProcessQuery@@$$FQAEXXZ) 함수에서 참조했습니다.
SchemaCheckForm.obj : error LNK2028: 해결되지 않은 토큰(0A0001D8) "extern "C" short __stdcall SQLDisconnect(void *)" (?SQLDisconnect@@$$J14YGFPAX@Z)을(를) "public: void __thiscall ProcessQuery::DBDisconnect(void)" (?DBDisconnect@ProcessQuery@@$$FQAEXXZ) 함수에서 참조했습니다.
SelectQueryForm.obj : error LNK2028: 해결되지 않은 토큰(0A0001E8) "extern "C" short __stdcall SQLDisconnect(void *)" (?SQLDisconnect@@$$J14YGFPAX@Z)을(를) "public: void __thiscall ProcessQuery::DBDisconnect(void)" (?DBDisconnect@ProcessQuery@@$$FQAEXXZ) 함수에서 참조했습니다.
MainForm.obj : error LNK2028: 해결되지 않은 토큰(0A000457) "extern "C" short __stdcall SQLDisconnect(void *)" (?SQLDisconnect@@$$J14YGFPAX@Z)을(를) "public: void __thiscall ProcessQuery::DBDisconnect(void)" (?DBDisconnect@ProcessQuery@@$$FQAEXXZ) 함수에서 참조했습니다.
InsertQueryForm.obj : error LNK2028: 해결되지 않은 토큰(0A000451) "extern "C" short __stdcall SQLDisconnect(void *)" (?SQLDisconnect@@$$J14YGFPAX@Z)을(를) "public: void __thiscall ProcessQuery::DBDisconnect(void)" (?DBDisconnect@ProcessQuery@@$$FQAEXXZ) 함수에서 참조했습니다.
DeleteQueryForm.obj : error LNK2028: 해결되지 않은 토큰(0A0001E9) "extern "C" short __stdcall SQLDisconnect(void *)" (?SQLDisconnect@@$$J14YGFPAX@Z)을(를) "public: void __thiscall ProcessQuery::DBDisconnect(void)" (?DBDisconnect@ProcessQuery@@$$FQAEXXZ) 함수에서 참조했습니다.
CustomQueryForm.obj : error LNK2028: 해결되지 않은 토큰(0A0001DE) "extern "C" short __stdcall SQLDisconnect(void *)" (?SQLDisconnect@@$$J14YGFPAX@Z)을(를) "public: void __thiscall ProcessQuery::DBDisconnect(void)" (?DBDisconnect@ProcessQuery@@$$FQAEXXZ) 함수에서 참조했습니다.
UpdateQueryForm.obj : error LNK2028: 해결되지 않은 토큰(0A000210) "extern "C" short __stdcall SQLConnect(void *,unsigned char *,short,unsigned char *,short,unsigned char *,short)" (?SQLConnect@@$$J228YGFPAXPAEF1F1F@Z)을(를) "public: bool __thiscall ProcessQuery::DBConnect(void)" (?DBConnect@ProcessQuery@@$$FQAE_NXZ) 함수에서 참조했습니다.
SchemaCheckForm.obj : error LNK2028: 해결되지 않은 토큰(0A0001F8) "extern "C" short __stdcall SQLConnect(void *,unsigned char *,short,unsigned char *,short,unsigned char *,short)" (?SQLConnect@@$$J228YGFPAXPAEF1F1F@Z)을(를) "public: bool __thiscall ProcessQuery::DBConnect(void)" (?DBConnect@ProcessQuery@@$$FQAE_NXZ) 함수에서 참조했습니다.
SelectQueryForm.obj : error LNK2028: 해결되지 않은 토큰(0A000208) "extern "C" short __stdcall SQLConnect(void *,unsigned char *,short,unsigned char *,short,unsigned char *,short)" (?SQLConnect@@$$J228YGFPAXPAEF1F1F@Z)을(를) "public: bool __thiscall ProcessQuery::DBConnect(void)" (?DBConnect@ProcessQuery@@$$FQAE_NXZ) 함수에서 참조했습니다.
MainForm.obj : error LNK2028: 해결되지 않은 토큰(0A000491) "extern "C" short __stdcall SQLConnect(void *,unsigned char *,short,unsigned char *,short,unsigned char *,short)" (?SQLConnect@@$$J228YGFPAXPAEF1F1F@Z)을(를) "public: bool __thiscall ProcessQuery::DBConnect(void)" (?DBConnect@ProcessQuery@@$$FQAE_NXZ) 함수에서 참조했습니다.
InsertQueryForm.obj : error LNK2028: 해결되지 않은 토큰(0A00048A) "extern "C" short __stdcall SQLConnect(void *,unsigned char *,short,unsigned char *,short,unsigned char *,short)" (?SQLConnect@@$$J228YGFPAXPAEF1F1F@Z)을(를) "public: bool __thiscall ProcessQuery::DBConnect(void)" (?DBConnect@ProcessQuery@@$$FQAE_NXZ) 함수에서 참조했습니다.
DeleteQueryForm.obj : error LNK2028: 해결되지 않은 토큰(0A000209) "extern "C" short __stdcall SQLConnect(void *,unsigned char *,short,unsigned char *,short,unsigned char *,short)" (?SQLConnect@@$$J228YGFPAXPAEF1F1F@Z)을(를) "public: bool __thiscall ProcessQuery::DBConnect(void)" (?DBConnect@ProcessQuery@@$$FQAE_NXZ) 함수에서 참조했습니다.
CustomQueryForm.obj : error LNK2028: 해결되지 않은 토큰(0A0001FE) "extern "C" short __stdcall SQLConnect(void *,unsigned char *,short,unsigned char *,short,unsigned char *,short)" (?SQLConnect@@$$J228YGFPAXPAEF1F1F@Z)을(를) "public: bool __thiscall ProcessQuery::DBConnect(void)" (?DBConnect@ProcessQuery@@$$FQAE_NXZ) 함수에서 참조했습니다.
UpdateQueryForm.obj : error LNK2020: 확인되지 않은 토큰(0A000214) "extern "C" short __stdcall SQLBindCol(void *,unsigned short,short,void *,long,long *)" (?SQLBindCol@@$$J224YGFPAXGF0JPAJ@Z)
SelectQueryForm.obj : error LNK2020: 확인되지 않은 토큰(0A00020C) "extern "C" short __stdcall SQLBindCol(void *,unsigned short,short,void *,long,long *)" (?SQLBindCol@@$$J224YGFPAXGF0JPAJ@Z)
MainForm.obj : error LNK2020: 확인되지 않은 토큰(0A000498) "extern "C" short __stdcall SQLBindCol(void *,unsigned short,short,void *,long,long *)" (?SQLBindCol@@$$J224YGFPAXGF0JPAJ@Z)
DeleteQueryForm.obj : error LNK2020: 확인되지 않은 토큰(0A00020D) "extern "C" short __stdcall SQLBindCol(void *,unsigned short,short,void *,long,long *)" (?SQLBindCol@@$$J224YGFPAXGF0JPAJ@Z)
CustomQueryForm.obj : error LNK2028: 해결되지 않은 토큰(0A000202) "extern "C" short __stdcall SQLBindCol(void *,unsigned short,short,void *,long,long *)" (?SQLBindCol@@$$J224YGFPAXGF0JPAJ@Z)을(를) "public: void __clrcall ProcessQuery::CustomQuery(class System::Windows::Forms::DataGridView ^,class std::basic_string<char,struct std::char_traits<char>,class std::allocator<char> >)" (?CustomQuery@ProcessQuery@@$$FQAMXP$AAVDataGridView@Forms@Windows@System@@V?$basic_string@DU?$char_traits@D@std@@V?$allocator@D@2@@std@@@Z) 함수에서 참조했습니다.
UpdateQueryForm.obj : error LNK2028: 해결되지 않은 토큰(0A000219) "extern "C" short __stdcall SQLNumResultCols(void *,short *)" (?SQLNumResultCols@@$$J18YGFPAXPAF@Z)을(를) "public: void __clrcall ProcessQuery::CustomQuery(class System::Windows::Forms::DataGridView ^,class std::basic_string<char,struct std::char_traits<char>,class std::allocator<char> >)" (?CustomQuery@ProcessQuery@@$$FQAMXP$AAVDataGridView@Forms@Windows@System@@V?$basic_string@DU?$char_traits@D@std@@V?$allocator@D@2@@std@@@Z) 함수에서 참조했습니다.
SchemaCheckForm.obj : error LNK2028: 해결되지 않은 토큰(0A000201) "extern "C" short __stdcall SQLNumResultCols(void *,short *)" (?SQLNumResultCols@@$$J18YGFPAXPAF@Z)을(를) "private: void __clrcall PCFranchise::SchemaCheckForm::InitializeComponent(void)" (?InitializeComponent@SchemaCheckForm@PCFranchise@@$$FA$AAMXXZ) 함수에서 참조했습니다.
SelectQueryForm.obj : error LNK2028: 해결되지 않은 토큰(0A000211) "extern "C" short __stdcall SQLNumResultCols(void *,short *)" (?SQLNumResultCols@@$$J18YGFPAXPAF@Z)을(를) "public: void __clrcall ProcessQuery::CustomQuery(class System::Windows::Forms::DataGridView ^,class std::basic_string<char,struct std::char_traits<char>,class std::allocator<char> >)" (?CustomQuery@ProcessQuery@@$$FQAMXP$AAVDataGridView@Forms@Windows@System@@V?$basic_string@DU?$char_traits@D@std@@V?$allocator@D@2@@std@@@Z) 함수에서 참조했습니다.
MainForm.obj : error LNK2028: 해결되지 않은 토큰(0A00049F) "extern "C" short __stdcall SQLNumResultCols(void *,short *)" (?SQLNumResultCols@@$$J18YGFPAXPAF@Z)을(를) "public: int __thiscall ProcessQuery::SchemaCheck(char *,class std::basic_string<char,struct std::char_traits<char>,class std::allocator<char> > *,short *,short *,unsigned int *,short *)" (?SchemaCheck@ProcessQuery@@$$FQAEHPADPAV?$basic_string@DU?$char_traits@D@std@@V?$allocator@D@2@@std@@PAF2PAI2@Z) 함수에서 참조했습니다.
DeleteQueryForm.obj : error LNK2028: 해결되지 않은 토큰(0A000212) "extern "C" short __stdcall SQLNumResultCols(void *,short *)" (?SQLNumResultCols@@$$J18YGFPAXPAF@Z)을(를) "public: void __clrcall ProcessQuery::CustomQuery(class System::Windows::Forms::DataGridView ^,class std::basic_string<char,struct std::char_traits<char>,class std::allocator<char> >)" (?CustomQuery@ProcessQuery@@$$FQAMXP$AAVDataGridView@Forms@Windows@System@@V?$basic_string@DU?$char_traits@D@std@@V?$allocator@D@2@@std@@@Z) 함수에서 참조했습니다.
CustomQueryForm.obj : error LNK2028: 해결되지 않은 토큰(0A000207) "extern "C" short __stdcall SQLNumResultCols(void *,short *)" (?SQLNumResultCols@@$$J18YGFPAXPAF@Z)을(를) "public: void __clrcall ProcessQuery::CustomQuery(class System::Windows::Forms::DataGridView ^,class std::basic_string<char,struct std::char_traits<char>,class std::allocator<char> >)" (?CustomQuery@ProcessQuery@@$$FQAMXP$AAVDataGridView@Forms@Windows@System@@V?$basic_string@DU?$char_traits@D@std@@V?$allocator@D@2@@std@@@Z) 함수에서 참조했습니다.
UpdateQueryForm.obj : error LNK2028: 해결되지 않은 토큰(0A000230) "extern "C" short __stdcall SQLSetEnvAttr(void *,long,void *,long)" (?SQLSetEnvAttr@@$$J216YGFPAXJ0J@Z)을(를) "public: bool __thiscall ProcessQuery::DBConnect(void)" (?DBConnect@ProcessQuery@@$$FQAE_NXZ) 함수에서 참조했습니다.
SchemaCheckForm.obj : error LNK2028: 해결되지 않은 토큰(0A000218) "extern "C" short __stdcall SQLSetEnvAttr(void *,long,void *,long)" (?SQLSetEnvAttr@@$$J216YGFPAXJ0J@Z)을(를) "public: bool __thiscall ProcessQuery::DBConnect(void)" (?DBConnect@ProcessQuery@@$$FQAE_NXZ) 함수에서 참조했습니다.
SelectQueryForm.obj : error LNK2028: 해결되지 않은 토큰(0A000228) "extern "C" short __stdcall SQLSetEnvAttr(void *,long,void *,long)" (?SQLSetEnvAttr@@$$J216YGFPAXJ0J@Z)을(를) "public: bool __thiscall ProcessQuery::DBConnect(void)" (?DBConnect@ProcessQuery@@$$FQAE_NXZ) 함수에서 참조했습니다.
MainForm.obj : error LNK2028: 해결되지 않은 토큰(0A0004C8) "extern "C" short __stdcall SQLSetEnvAttr(void *,long,void *,long)" (?SQLSetEnvAttr@@$$J216YGFPAXJ0J@Z)을(를) "public: bool __thiscall ProcessQuery::DBConnect(void)" (?DBConnect@ProcessQuery@@$$FQAE_NXZ) 함수에서 참조했습니다.
InsertQueryForm.obj : error LNK2028: 해결되지 않은 토큰(0A0004C1) "extern "C" short __stdcall SQLSetEnvAttr(void *,long,void *,long)" (?SQLSetEnvAttr@@$$J216YGFPAXJ0J@Z)을(를) "public: bool __thiscall ProcessQuery::DBConnect(void)" (?DBConnect@ProcessQuery@@$$FQAE_NXZ) 함수에서 참조했습니다.
DeleteQueryForm.obj : error LNK2028: 해결되지 않은 토큰(0A000229) "extern "C" short __stdcall SQLSetEnvAttr(void *,long,void *,long)" (?SQLSetEnvAttr@@$$J216YGFPAXJ0J@Z)을(를) "public: bool __thiscall ProcessQuery::DBConnect(void)" (?DBConnect@ProcessQuery@@$$FQAE_NXZ) 함수에서 참조했습니다.
CustomQueryForm.obj : error LNK2028: 해결되지 않은 토큰(0A00021E) "extern "C" short __stdcall SQLSetEnvAttr(void *,long,void *,long)" (?SQLSetEnvAttr@@$$J216YGFPAXJ0J@Z)을(를) "public: bool __thiscall ProcessQuery::DBConnect(void)" (?DBConnect@ProcessQuery@@$$FQAE_NXZ) 함수에서 참조했습니다.
UpdateQueryForm.obj : error LNK2020: 확인되지 않은 토큰(0A000239) "extern "C" short __stdcall SQLCloseCursor(void *)" (?SQLCloseCursor@@$$J14YGFPAX@Z)
SchemaCheckForm.obj : error LNK2028: 해결되지 않은 토큰(0A000221) "extern "C" short __stdcall SQLCloseCursor(void *)" (?SQLCloseCursor@@$$J14YGFPAX@Z)을(를) "private: void __clrcall PCFranchise::SchemaCheckForm::InitializeComponent(void)" (?InitializeComponent@SchemaCheckForm@PCFranchise@@$$FA$AAMXXZ) 함수에서 참조했습니다.
SelectQueryForm.obj : error LNK2020: 확인되지 않은 토큰(0A000231) "extern "C" short __stdcall SQLCloseCursor(void *)" (?SQLCloseCursor@@$$J14YGFPAX@Z)
MainForm.obj : error LNK2028: 해결되지 않은 토큰(0A0004D7) "extern "C" short __stdcall SQLCloseCursor(void *)" (?SQLCloseCursor@@$$J14YGFPAX@Z)을(를) "public: void __thiscall ProcessQuery::UpdateQuery(class std::basic_string<char,struct std::char_traits<char>,class std::allocator<char> >)" (?UpdateQuery@ProcessQuery@@$$FQAEXV?$basic_string@DU?$char_traits@D@std@@V?$allocator@D@2@@std@@@Z) 함수에서 참조했습니다.
InsertQueryForm.obj : error LNK2020: 확인되지 않은 토큰(0A0004D0) "extern "C" short __stdcall SQLCloseCursor(void *)" (?SQLCloseCursor@@$$J14YGFPAX@Z)
DeleteQueryForm.obj : error LNK2028: 해결되지 않은 토큰(0A000232) "extern "C" short __stdcall SQLCloseCursor(void *)" (?SQLCloseCursor@@$$J14YGFPAX@Z)을(를) "[T2M] public: __thiscall std::basic_string<char,struct std::char_traits<char>,class std::allocator<char> >::basic_string<char,struct std::char_traits<char>,class std::allocator<char> >(class std::basic_string<char,struct std::char_traits<char>,class std::allocator<char> > const &)" (__t2m@??0?$basic_string@DU?$char_traits@D@std@@V?$allocator@D@2@@std@@QAE@ABV01@@Z) 함수에서 참조했습니다.
CustomQueryForm.obj : error LNK2028: 해결되지 않은 토큰(0A000227) "extern "C" short __stdcall SQLCloseCursor(void *)" (?SQLCloseCursor@@$$J14YGFPAX@Z)을(를) "public: void __clrcall ProcessQuery::CustomQuery(class System::Windows::Forms::DataGridView ^,class std::basic_string<char,struct std::char_traits<char>,class std::allocator<char> >)" (?CustomQuery@ProcessQuery@@$$FQAMXP$AAVDataGridView@Forms@Windows@System@@V?$basic_string@DU?$char_traits@D@std@@V?$allocator@D@2@@std@@@Z) 함수에서 참조했습니다.
UpdateQueryForm.obj : error LNK2028: 해결되지 않은 토큰(0A00023A) "extern "C" short __stdcall SQLDescribeCol(void *,unsigned short,unsigned char *,short,short *,short *,unsigned long *,short *,short *)" (?SQLDescribeCol@@$$J236YGFPAXGPAEFPAF2PAK22@Z)을(를) "public: void __clrcall ProcessQuery::CustomQuery(class System::Windows::Forms::DataGridView ^,class std::basic_string<char,struct std::char_traits<char>,class std::allocator<char> >)" (?CustomQuery@ProcessQuery@@$$FQAMXP$AAVDataGridView@Forms@Windows@System@@V?$basic_string@DU?$char_traits@D@std@@V?$allocator@D@2@@std@@@Z) 함수에서 참조했습니다.
SchemaCheckForm.obj : error LNK2028: 해결되지 않은 토큰(0A000222) "extern "C" short __stdcall SQLDescribeCol(void *,unsigned short,unsigned char *,short,short *,short *,unsigned long *,short *,short *)" (?SQLDescribeCol@@$$J236YGFPAXGPAEFPAF2PAK22@Z)을(를) "private: void __clrcall PCFranchise::SchemaCheckForm::InitializeComponent(void)" (?InitializeComponent@SchemaCheckForm@PCFranchise@@$$FA$AAMXXZ) 함수에서 참조했습니다.
SelectQueryForm.obj : error LNK2020: 확인되지 않은 토큰(0A000232) "extern "C" short __stdcall SQLDescribeCol(void *,unsigned short,unsigned char *,short,short *,short *,unsigned long *,short *,short *)" (?SQLDescribeCol@@$$J236YGFPAXGPAEFPAF2PAK22@Z)
MainForm.obj : error LNK2020: 확인되지 않은 토큰(0A0004D8) "extern "C" short __stdcall SQLDescribeCol(void *,unsigned short,unsigned char *,short,short *,short *,unsigned long *,short *,short *)" (?SQLDescribeCol@@$$J236YGFPAXGPAEFPAF2PAK22@Z)
DeleteQueryForm.obj : error LNK2028: 해결되지 않은 토큰(0A000233) "extern "C" short __stdcall SQLDescribeCol(void *,unsigned short,unsigned char *,short,short *,short *,unsigned long *,short *,short *)" (?SQLDescribeCol@@$$J236YGFPAXGPAEFPAF2PAK22@Z)을(를) "public: void __clrcall ProcessQuery::CustomQuery(class System::Windows::Forms::DataGridView ^,class std::basic_string<char,struct std::char_traits<char>,class std::allocator<char> >)" (?CustomQuery@ProcessQuery@@$$FQAMXP$AAVDataGridView@Forms@Windows@System@@V?$basic_string@DU?$char_traits@D@std@@V?$allocator@D@2@@std@@@Z) 함수에서 참조했습니다.
CustomQueryForm.obj : error LNK2028: 해결되지 않은 토큰(0A000228) "extern "C" short __stdcall SQLDescribeCol(void *,unsigned short,unsigned char *,short,short *,short *,unsigned long *,short *,short *)" (?SQLDescribeCol@@$$J236YGFPAXGPAEFPAF2PAK22@Z)을(를) "public: void __clrcall ProcessQuery::CustomQuery(class System::Windows::Forms::DataGridView ^,class std::basic_string<char,struct std::char_traits<char>,class std::allocator<char> >)" (?CustomQuery@ProcessQuery@@$$FQAMXP$AAVDataGridView@Forms@Windows@System@@V?$basic_string@DU?$char_traits@D@std@@V?$allocator@D@2@@std@@@Z) 함수에서 참조했습니다.
UpdateQueryForm.obj : error LNK2020: 확인되지 않은 토큰(0A00023D) "extern "C" short __stdcall SQLFetch(void *)" (?SQLFetch@@$$J14YGFPAX@Z)
SelectQueryForm.obj : error LNK2028: 해결되지 않은 토큰(0A000235) "extern "C" short __stdcall SQLFetch(void *)" (?SQLFetch@@$$J14YGFPAX@Z)을(를) "public: void __clrcall ProcessQuery::CustomQuery(class System::Windows::Forms::DataGridView ^,class std::basic_string<char,struct std::char_traits<char>,class std::allocator<char> >)" (?CustomQuery@ProcessQuery@@$$FQAMXP$AAVDataGridView@Forms@Windows@System@@V?$basic_string@DU?$char_traits@D@std@@V?$allocator@D@2@@std@@@Z) 함수에서 참조했습니다.
MainForm.obj : error LNK2020: 확인되지 않은 토큰(0A0004DC) "extern "C" short __stdcall SQLFetch(void *)" (?SQLFetch@@$$J14YGFPAX@Z)
DeleteQueryForm.obj : error LNK2028: 해결되지 않은 토큰(0A000236) "extern "C" short __stdcall SQLFetch(void *)" (?SQLFetch@@$$J14YGFPAX@Z)을(를) "public: void __clrcall ProcessQuery::CustomQuery(class System::Windows::Forms::DataGridView ^,class std::basic_string<char,struct std::char_traits<char>,class std::allocator<char> >)" (?CustomQuery@ProcessQuery@@$$FQAMXP$AAVDataGridView@Forms@Windows@System@@V?$basic_string@DU?$char_traits@D@std@@V?$allocator@D@2@@std@@@Z) 함수에서 참조했습니다.
CustomQueryForm.obj : error LNK2028: 해결되지 않은 토큰(0A00022B) "extern "C" short __stdcall SQLFetch(void *)" (?SQLFetch@@$$J14YGFPAX@Z)을(를) "public: void __clrcall ProcessQuery::CustomQuery(class System::Windows::Forms::DataGridView ^,class std::basic_string<char,struct std::char_traits<char>,class std::allocator<char> >)" (?CustomQuery@ProcessQuery@@$$FQAMXP$AAVDataGridView@Forms@Windows@System@@V?$basic_string@DU?$char_traits@D@std@@V?$allocator@D@2@@std@@@Z) 함수에서 참조했습니다.
UpdateQueryForm.obj : error LNK2028: 해결되지 않은 토큰(0A000255) "extern "C" short __stdcall SQLAllocHandle(short,void *,void * *)" (?SQLAllocHandle@@$$J212YGFFPAXPAPAX@Z)을(를) "public: bool __thiscall ProcessQuery::DBConnect(void)" (?DBConnect@ProcessQuery@@$$FQAE_NXZ) 함수에서 참조했습니다.
SchemaCheckForm.obj : error LNK2028: 해결되지 않은 토큰(0A00023D) "extern "C" short __stdcall SQLAllocHandle(short,void *,void * *)" (?SQLAllocHandle@@$$J212YGFFPAXPAPAX@Z)을(를) "public: bool __thiscall ProcessQuery::DBConnect(void)" (?DBConnect@ProcessQuery@@$$FQAE_NXZ) 함수에서 참조했습니다.
SelectQueryForm.obj : error LNK2028: 해결되지 않은 토큰(0A00024D) "extern "C" short __stdcall SQLAllocHandle(short,void *,void * *)" (?SQLAllocHandle@@$$J212YGFFPAXPAPAX@Z)을(를) "public: bool __thiscall ProcessQuery::DBConnect(void)" (?DBConnect@ProcessQuery@@$$FQAE_NXZ) 함수에서 참조했습니다.
MainForm.obj : error LNK2028: 해결되지 않은 토큰(0A000506) "extern "C" short __stdcall SQLAllocHandle(short,void *,void * *)" (?SQLAllocHandle@@$$J212YGFFPAXPAPAX@Z)을(를) "public: bool __thiscall ProcessQuery::DBConnect(void)" (?DBConnect@ProcessQuery@@$$FQAE_NXZ) 함수에서 참조했습니다.
InsertQueryForm.obj : error LNK2028: 해결되지 않은 토큰(0A0004FF) "extern "C" short __stdcall SQLAllocHandle(short,void *,void * *)" (?SQLAllocHandle@@$$J212YGFFPAXPAPAX@Z)을(를) "public: bool __thiscall ProcessQuery::DBConnect(void)" (?DBConnect@ProcessQuery@@$$FQAE_NXZ) 함수에서 참조했습니다.
DeleteQueryForm.obj : error LNK2028: 해결되지 않은 토큰(0A00024E) "extern "C" short __stdcall SQLAllocHandle(short,void *,void * *)" (?SQLAllocHandle@@$$J212YGFFPAXPAPAX@Z)을(를) "public: bool __thiscall ProcessQuery::DBConnect(void)" (?DBConnect@ProcessQuery@@$$FQAE_NXZ) 함수에서 참조했습니다.
CustomQueryForm.obj : error LNK2028: 해결되지 않은 토큰(0A000243) "extern "C" short __stdcall SQLAllocHandle(short,void *,void * *)" (?SQLAllocHandle@@$$J212YGFFPAXPAPAX@Z)을(를) "public: bool __thiscall ProcessQuery::DBConnect(void)" (?DBConnect@ProcessQuery@@$$FQAE_NXZ) 함수에서 참조했습니다.
UpdateQueryForm.obj : error LNK2028: 해결되지 않은 토큰(0A0002D9) "extern "C" short __stdcall SQLFreeHandle(short,void *)" (?SQLFreeHandle@@$$J18YGFFPAX@Z)을(를) "public: void __thiscall ProcessQuery::DBDisconnect(void)" (?DBDisconnect@ProcessQuery@@$$FQAEXXZ) 함수에서 참조했습니다.
SchemaCheckForm.obj : error LNK2020: 확인되지 않은 토큰(0A0002AB) "extern "C" short __stdcall SQLFreeHandle(short,void *)" (?SQLFreeHandle@@$$J18YGFFPAX@Z)
SelectQueryForm.obj : error LNK2028: 해결되지 않은 토큰(0A0002C3) "extern "C" short __stdcall SQLFreeHandle(short,void *)" (?SQLFreeHandle@@$$J18YGFFPAX@Z)을(를) "public: void __thiscall ProcessQuery::DBDisconnect(void)" (?DBDisconnect@ProcessQuery@@$$FQAEXXZ) 함수에서 참조했습니다.
MainForm.obj : error LNK2028: 해결되지 않은 토큰(0A0005E4) "extern "C" short __stdcall SQLFreeHandle(short,void *)" (?SQLFreeHandle@@$$J18YGFFPAX@Z)을(를) "public: void __thiscall ProcessQuery::DBDisconnect(void)" (?DBDisconnect@ProcessQuery@@$$FQAEXXZ) 함수에서 참조했습니다.
InsertQueryForm.obj : error LNK2028: 해결되지 않은 토큰(0A0005B3) "extern "C" short __stdcall SQLFreeHandle(short,void *)" (?SQLFreeHandle@@$$J18YGFFPAX@Z)을(를) "public: void __thiscall ProcessQuery::DBDisconnect(void)" (?DBDisconnect@ProcessQuery@@$$FQAEXXZ) 함수에서 참조했습니다.
DeleteQueryForm.obj : error LNK2028: 해결되지 않은 토큰(0A0002C2) "extern "C" short __stdcall SQLFreeHandle(short,void *)" (?SQLFreeHandle@@$$J18YGFFPAX@Z)을(를) "public: void __thiscall ProcessQuery::DBDisconnect(void)" (?DBDisconnect@ProcessQuery@@$$FQAEXXZ) 함수에서 참조했습니다.
CustomQueryForm.obj : error LNK2028: 해결되지 않은 토큰(0A0002AD) "extern "C" short __stdcall SQLFreeHandle(short,void *)" (?SQLFreeHandle@@$$J18YGFFPAX@Z)을(를) "public: void __thiscall ProcessQuery::DBDisconnect(void)" (?DBDisconnect@ProcessQuery@@$$FQAEXXZ) 함수에서 참조했습니다.
UpdateQueryForm.obj : error LNK2028: 해결되지 않은 토큰(0A0002DC) "extern "C" short __stdcall SQLExecDirect(void *,unsigned char *,long)" (?SQLExecDirect@@$$J212YGFPAXPAEJ@Z)을(를) "public: void __thiscall ProcessQuery::UpdateQuery(class std::basic_string<char,struct std::char_traits<char>,class std::allocator<char> >)" (?UpdateQuery@ProcessQuery@@$$FQAEXV?$basic_string@DU?$char_traits@D@std@@V?$allocator@D@2@@std@@@Z) 함수에서 참조했습니다.
SchemaCheckForm.obj : error LNK2028: 해결되지 않은 토큰(0A0002AE) "extern "C" short __stdcall SQLExecDirect(void *,unsigned char *,long)" (?SQLExecDirect@@$$J212YGFPAXPAEJ@Z)을(를) "private: void __clrcall PCFranchise::SchemaCheckForm::InitializeComponent(void)" (?InitializeComponent@SchemaCheckForm@PCFranchise@@$$FA$AAMXXZ) 함수에서 참조했습니다.
SelectQueryForm.obj : error LNK2028: 해결되지 않은 토큰(0A0002C6) "extern "C" short __stdcall SQLExecDirect(void *,unsigned char *,long)" (?SQLExecDirect@@$$J212YGFPAXPAEJ@Z)을(를) "public: void __clrcall ProcessQuery::CustomQuery(class System::Windows::Forms::DataGridView ^,class std::basic_string<char,struct std::char_traits<char>,class std::allocator<char> >)" (?CustomQuery@ProcessQuery@@$$FQAMXP$AAVDataGridView@Forms@Windows@System@@V?$basic_string@DU?$char_traits@D@std@@V?$allocator@D@2@@std@@@Z) 함수에서 참조했습니다.
MainForm.obj : error LNK2028: 해결되지 않은 토큰(0A0005EE) "extern "C" short __stdcall SQLExecDirect(void *,unsigned char *,long)" (?SQLExecDirect@@$$J212YGFPAXPAEJ@Z)을(를) "public: void __thiscall ProcessQuery::UpdateQuery(class std::basic_string<char,struct std::char_traits<char>,class std::allocator<char> >)" (?UpdateQuery@ProcessQuery@@$$FQAEXV?$basic_string@DU?$char_traits@D@std@@V?$allocator@D@2@@std@@@Z) 함수에서 참조했습니다.
InsertQueryForm.obj : error LNK2028: 해결되지 않은 토큰(0A0005BD) "extern "C" short __stdcall SQLExecDirect(void *,unsigned char *,long)" (?SQLExecDirect@@$$J212YGFPAXPAEJ@Z)을(를) "public: void __thiscall ProcessQuery::UpdateQuery(class std::basic_string<char,struct std::char_traits<char>,class std::allocator<char> >)" (?UpdateQuery@ProcessQuery@@$$FQAEXV?$basic_string@DU?$char_traits@D@std@@V?$allocator@D@2@@std@@@Z) 함수에서 참조했습니다.
DeleteQueryForm.obj : error LNK2028: 해결되지 않은 토큰(0A0002C5) "extern "C" short __stdcall SQLExecDirect(void *,unsigned char *,long)" (?SQLExecDirect@@$$J212YGFPAXPAEJ@Z)을(를) "public: void __thiscall ProcessQuery::UpdateQuery(class std::basic_string<char,struct std::char_traits<char>,class std::allocator<char> >)" (?UpdateQuery@ProcessQuery@@$$FQAEXV?$basic_string@DU?$char_traits@D@std@@V?$allocator@D@2@@std@@@Z) 함수에서 참조했습니다.
CustomQueryForm.obj : error LNK2028: 해결되지 않은 토큰(0A0002B0) "extern "C" short __stdcall SQLExecDirect(void *,unsigned char *,long)" (?SQLExecDirect@@$$J212YGFPAXPAEJ@Z)을(를) "public: void __clrcall ProcessQuery::CustomQuery(class System::Windows::Forms::DataGridView ^,class std::basic_string<char,struct std::char_traits<char>,class std::allocator<char> >)" (?CustomQuery@ProcessQuery@@$$FQAMXP$AAVDataGridView@Forms@Windows@System@@V?$basic_string@DU?$char_traits@D@std@@V?$allocator@D@2@@std@@@Z) 함수에서 참조했습니다.
SelectQueryForm.obj : error LNK2019: "extern "C" short __stdcall SQLAllocHandle(short,void *,void * *)" (?SQLAllocHandle@@$$J212YGFFPAXPAPAX@Z)"public: bool __thiscall ProcessQuery::DBConnect(void)" (?DBConnect@ProcessQuery@@$$FQAE_NXZ) 함수에서 참조되는 확인할 수 없는 외부 기호
SchemaCheckForm.obj : error LNK2001: 확인할 수 없는 외부 기호 "extern "C" short __stdcall SQLAllocHandle(short,void *,void * *)" (?SQLAllocHandle@@$$J212YGFFPAXPAPAX@Z)
UpdateQueryForm.obj : error LNK2001: 확인할 수 없는 외부 기호 "extern "C" short __stdcall SQLAllocHandle(short,void *,void * *)" (?SQLAllocHandle@@$$J212YGFFPAXPAPAX@Z)
CustomQueryForm.obj : error LNK2001: 확인할 수 없는 외부 기호 "extern "C" short __stdcall SQLAllocHandle(short,void *,void * *)" (?SQLAllocHandle@@$$J212YGFFPAXPAPAX@Z)
DeleteQueryForm.obj : error LNK2001: 확인할 수 없는 외부 기호 "extern "C" short __stdcall SQLAllocHandle(short,void *,void * *)" (?SQLAllocHandle@@$$J212YGFFPAXPAPAX@Z)
InsertQueryForm.obj : error LNK2001: 확인할 수 없는 외부 기호 "extern "C" short __stdcall SQLAllocHandle(short,void *,void * *)" (?SQLAllocHandle@@$$J212YGFFPAXPAPAX@Z)
MainForm.obj : error LNK2001: 확인할 수 없는 외부 기호 "extern "C" short __stdcall SQLAllocHandle(short,void *,void * *)" (?SQLAllocHandle@@$$J212YGFFPAXPAPAX@Z)
SelectQueryForm.obj : error LNK2019: "extern "C" short __stdcall SQLSetEnvAttr(void *,long,void *,long)" (?SQLSetEnvAttr@@$$J216YGFPAXJ0J@Z)"public: bool __thiscall ProcessQuery::DBConnect(void)" (?DBConnect@ProcessQuery@@$$FQAE_NXZ) 함수에서 참조되는 확인할 수 없는 외부 기호
SchemaCheckForm.obj : error LNK2001: 확인할 수 없는 외부 기호 "extern "C" short __stdcall SQLSetEnvAttr(void *,long,void *,long)" (?SQLSetEnvAttr@@$$J216YGFPAXJ0J@Z)
UpdateQueryForm.obj : error LNK2001: 확인할 수 없는 외부 기호 "extern "C" short __stdcall SQLSetEnvAttr(void *,long,void *,long)" (?SQLSetEnvAttr@@$$J216YGFPAXJ0J@Z)
CustomQueryForm.obj : error LNK2001: 확인할 수 없는 외부 기호 "extern "C" short __stdcall SQLSetEnvAttr(void *,long,void *,long)" (?SQLSetEnvAttr@@$$J216YGFPAXJ0J@Z)
DeleteQueryForm.obj : error LNK2001: 확인할 수 없는 외부 기호 "extern "C" short __stdcall SQLSetEnvAttr(void *,long,void *,long)" (?SQLSetEnvAttr@@$$J216YGFPAXJ0J@Z)
InsertQueryForm.obj : error LNK2001: 확인할 수 없는 외부 기호 "extern "C" short __stdcall SQLSetEnvAttr(void *,long,void *,long)" (?SQLSetEnvAttr@@$$J216YGFPAXJ0J@Z)
MainForm.obj : error LNK2001: 확인할 수 없는 외부 기호 "extern "C" short __stdcall SQLSetEnvAttr(void *,long,void *,long)" (?SQLSetEnvAttr@@$$J216YGFPAXJ0J@Z)
SelectQueryForm.obj : error LNK2019: "extern "C" short __stdcall SQLConnect(void *,unsigned char *,short,unsigned char *,short,unsigned char *,short)" (?SQLConnect@@$$J228YGFPAXPAEF1F1F@Z)"public: bool __thiscall ProcessQuery::DBConnect(void)" (?DBConnect@ProcessQuery@@$$FQAE_NXZ) 함수에서 참조되는 확인할 수 없는 외부 기호
SchemaCheckForm.obj : error LNK2001: 확인할 수 없는 외부 기호 "extern "C" short __stdcall SQLConnect(void *,unsigned char *,short,unsigned char *,short,unsigned char *,short)" (?SQLConnect@@$$J228YGFPAXPAEF1F1F@Z)
UpdateQueryForm.obj : error LNK2001: 확인할 수 없는 외부 기호 "extern "C" short __stdcall SQLConnect(void *,unsigned char *,short,unsigned char *,short,unsigned char *,short)" (?SQLConnect@@$$J228YGFPAXPAEF1F1F@Z)
CustomQueryForm.obj : error LNK2001: 확인할 수 없는 외부 기호 "extern "C" short __stdcall SQLConnect(void *,unsigned char *,short,unsigned char *,short,unsigned char *,short)" (?SQLConnect@@$$J228YGFPAXPAEF1F1F@Z)
DeleteQueryForm.obj : error LNK2001: 확인할 수 없는 외부 기호 "extern "C" short __stdcall SQLConnect(void *,unsigned char *,short,unsigned char *,short,unsigned char *,short)" (?SQLConnect@@$$J228YGFPAXPAEF1F1F@Z)
InsertQueryForm.obj : error LNK2001: 확인할 수 없는 외부 기호 "extern "C" short __stdcall SQLConnect(void *,unsigned char *,short,unsigned char *,short,unsigned char *,short)" (?SQLConnect@@$$J228YGFPAXPAEF1F1F@Z)
MainForm.obj : error LNK2001: 확인할 수 없는 외부 기호 "extern "C" short __stdcall SQLConnect(void *,unsigned char *,short,unsigned char *,short,unsigned char *,short)" (?SQLConnect@@$$J228YGFPAXPAEF1F1F@Z)
SelectQueryForm.obj : error LNK2019: "extern "C" short __stdcall SQLDisconnect(void *)" (?SQLDisconnect@@$$J14YGFPAX@Z)"public: void __thiscall ProcessQuery::DBDisconnect(void)" (?DBDisconnect@ProcessQuery@@$$FQAEXXZ) 함수에서 참조되는 확인할 수 없는 외부 기호
SchemaCheckForm.obj : error LNK2001: 확인할 수 없는 외부 기호 "extern "C" short __stdcall SQLDisconnect(void *)" (?SQLDisconnect@@$$J14YGFPAX@Z)
UpdateQueryForm.obj : error LNK2001: 확인할 수 없는 외부 기호 "extern "C" short __stdcall SQLDisconnect(void *)" (?SQLDisconnect@@$$J14YGFPAX@Z)
CustomQueryForm.obj : error LNK2001: 확인할 수 없는 외부 기호 "extern "C" short __stdcall SQLDisconnect(void *)" (?SQLDisconnect@@$$J14YGFPAX@Z)
DeleteQueryForm.obj : error LNK2001: 확인할 수 없는 외부 기호 "extern "C" short __stdcall SQLDisconnect(void *)" (?SQLDisconnect@@$$J14YGFPAX@Z)
InsertQueryForm.obj : error LNK2001: 확인할 수 없는 외부 기호 "extern "C" short __stdcall SQLDisconnect(void *)" (?SQLDisconnect@@$$J14YGFPAX@Z)
MainForm.obj : error LNK2001: 확인할 수 없는 외부 기호 "extern "C" short __stdcall SQLDisconnect(void *)" (?SQLDisconnect@@$$J14YGFPAX@Z)
SelectQueryForm.obj : error LNK2019: "extern "C" short __stdcall SQLFreeHandle(short,void *)" (?SQLFreeHandle@@$$J18YGFFPAX@Z)"public: void __thiscall ProcessQuery::DBDisconnect(void)" (?DBDisconnect@ProcessQuery@@$$FQAEXXZ) 함수에서 참조되는 확인할 수 없는 외부 기호
SchemaCheckForm.obj : error LNK2001: 확인할 수 없는 외부 기호 "extern "C" short __stdcall SQLFreeHandle(short,void *)" (?SQLFreeHandle@@$$J18YGFFPAX@Z)
UpdateQueryForm.obj : error LNK2001: 확인할 수 없는 외부 기호 "extern "C" short __stdcall SQLFreeHandle(short,void *)" (?SQLFreeHandle@@$$J18YGFFPAX@Z)
CustomQueryForm.obj : error LNK2001: 확인할 수 없는 외부 기호 "extern "C" short __stdcall SQLFreeHandle(short,void *)" (?SQLFreeHandle@@$$J18YGFFPAX@Z)
DeleteQueryForm.obj : error LNK2001: 확인할 수 없는 외부 기호 "extern "C" short __stdcall SQLFreeHandle(short,void *)" (?SQLFreeHandle@@$$J18YGFFPAX@Z)
InsertQueryForm.obj : error LNK2001: 확인할 수 없는 외부 기호 "extern "C" short __stdcall SQLFreeHandle(short,void *)" (?SQLFreeHandle@@$$J18YGFFPAX@Z)
MainForm.obj : error LNK2001: 확인할 수 없는 외부 기호 "extern "C" short __stdcall SQLFreeHandle(short,void *)" (?SQLFreeHandle@@$$J18YGFFPAX@Z)
SelectQueryForm.obj : error LNK2019: "extern "C" short __stdcall SQLExecDirect(void *,unsigned char *,long)" (?SQLExecDirect@@$$J212YGFPAXPAEJ@Z)"public: void __clrcall ProcessQuery::CustomQuery(class System::Windows::Forms::DataGridView ^,class std::basic_string<char,struct std::char_traits<char>,class std::allocator<char> >)" (?CustomQuery@ProcessQuery@@$$FQAMXP$AAVDataGridView@Forms@Windows@System@@V?$basic_string@DU?$char_traits@D@std@@V?$allocator@D@2@@std@@@Z) 함수에서 참조되는 확인할 수 없는 외부 기호
SchemaCheckForm.obj : error LNK2001: 확인할 수 없는 외부 기호 "extern "C" short __stdcall SQLExecDirect(void *,unsigned char *,long)" (?SQLExecDirect@@$$J212YGFPAXPAEJ@Z)
UpdateQueryForm.obj : error LNK2001: 확인할 수 없는 외부 기호 "extern "C" short __stdcall SQLExecDirect(void *,unsigned char *,long)" (?SQLExecDirect@@$$J212YGFPAXPAEJ@Z)
CustomQueryForm.obj : error LNK2001: 확인할 수 없는 외부 기호 "extern "C" short __stdcall SQLExecDirect(void *,unsigned char *,long)" (?SQLExecDirect@@$$J212YGFPAXPAEJ@Z)
DeleteQueryForm.obj : error LNK2001: 확인할 수 없는 외부 기호 "extern "C" short __stdcall SQLExecDirect(void *,unsigned char *,long)" (?SQLExecDirect@@$$J212YGFPAXPAEJ@Z)
InsertQueryForm.obj : error LNK2001: 확인할 수 없는 외부 기호 "extern "C" short __stdcall SQLExecDirect(void *,unsigned char *,long)" (?SQLExecDirect@@$$J212YGFPAXPAEJ@Z)
MainForm.obj : error LNK2001: 확인할 수 없는 외부 기호 "extern "C" short __stdcall SQLExecDirect(void *,unsigned char *,long)" (?SQLExecDirect@@$$J212YGFPAXPAEJ@Z)
SchemaCheckForm.obj : error LNK2019: "extern "C" short __stdcall SQLNumResultCols(void *,short *)" (?SQLNumResultCols@@$$J18YGFPAXPAF@Z)"private: void __clrcall PCFranchise::SchemaCheckForm::InitializeComponent(void)" (?InitializeComponent@SchemaCheckForm@PCFranchise@@$$FA$AAMXXZ) 함수에서 참조되는 확인할 수 없는 외부 기호
UpdateQueryForm.obj : error LNK2001: 확인할 수 없는 외부 기호 "extern "C" short __stdcall SQLNumResultCols(void *,short *)" (?SQLNumResultCols@@$$J18YGFPAXPAF@Z)
CustomQueryForm.obj : error LNK2001: 확인할 수 없는 외부 기호 "extern "C" short __stdcall SQLNumResultCols(void *,short *)" (?SQLNumResultCols@@$$J18YGFPAXPAF@Z)
DeleteQueryForm.obj : error LNK2001: 확인할 수 없는 외부 기호 "extern "C" short __stdcall SQLNumResultCols(void *,short *)" (?SQLNumResultCols@@$$J18YGFPAXPAF@Z)
MainForm.obj : error LNK2001: 확인할 수 없는 외부 기호 "extern "C" short __stdcall SQLNumResultCols(void *,short *)" (?SQLNumResultCols@@$$J18YGFPAXPAF@Z)
SelectQueryForm.obj : error LNK2001: 확인할 수 없는 외부 기호 "extern "C" short __stdcall SQLNumResultCols(void *,short *)" (?SQLNumResultCols@@$$J18YGFPAXPAF@Z)
SchemaCheckForm.obj : error LNK2019: "extern "C" short __stdcall SQLDescribeCol(void *,unsigned short,unsigned char *,short,short *,short *,unsigned long *,short *,short *)" (?SQLDescribeCol@@$$J236YGFPAXGPAEFPAF2PAK22@Z)"private: void __clrcall PCFranchise::SchemaCheckForm::InitializeComponent(void)" (?InitializeComponent@SchemaCheckForm@PCFranchise@@$$FA$AAMXXZ) 함수에서 참조되는 확인할 수 없는 외부 기호
UpdateQueryForm.obj : error LNK2001: 확인할 수 없는 외부 기호 "extern "C" short __stdcall SQLDescribeCol(void *,unsigned short,unsigned char *,short,short *,short *,unsigned long *,short *,short *)" (?SQLDescribeCol@@$$J236YGFPAXGPAEFPAF2PAK22@Z)
CustomQueryForm.obj : error LNK2001: 확인할 수 없는 외부 기호 "extern "C" short __stdcall SQLDescribeCol(void *,unsigned short,unsigned char *,short,short *,short *,unsigned long *,short *,short *)" (?SQLDescribeCol@@$$J236YGFPAXGPAEFPAF2PAK22@Z)
DeleteQueryForm.obj : error LNK2001: 확인할 수 없는 외부 기호 "extern "C" short __stdcall SQLDescribeCol(void *,unsigned short,unsigned char *,short,short *,short *,unsigned long *,short *,short *)" (?SQLDescribeCol@@$$J236YGFPAXGPAEFPAF2PAK22@Z)
MainForm.obj : error LNK2001: 확인할 수 없는 외부 기호 "extern "C" short __stdcall SQLDescribeCol(void *,unsigned short,unsigned char *,short,short *,short *,unsigned long *,short *,short *)" (?SQLDescribeCol@@$$J236YGFPAXGPAEFPAF2PAK22@Z)
SelectQueryForm.obj : error LNK2001: 확인할 수 없는 외부 기호 "extern "C" short __stdcall SQLDescribeCol(void *,unsigned short,unsigned char *,short,short *,short *,unsigned long *,short *,short *)" (?SQLDescribeCol@@$$J236YGFPAXGPAEFPAF2PAK22@Z)
UpdateQueryForm.obj : error LNK2001: 확인할 수 없는 외부 기호 "extern "C" short __stdcall SQLBindCol(void *,unsigned short,short,void *,long,long *)" (?SQLBindCol@@$$J224YGFPAXGF0JPAJ@Z)
CustomQueryForm.obj : error LNK2001: 확인할 수 없는 외부 기호 "extern "C" short __stdcall SQLBindCol(void *,unsigned short,short,void *,long,long *)" (?SQLBindCol@@$$J224YGFPAXGF0JPAJ@Z)
DeleteQueryForm.obj : error LNK2001: 확인할 수 없는 외부 기호 "extern "C" short __stdcall SQLBindCol(void *,unsigned short,short,void *,long,long *)" (?SQLBindCol@@$$J224YGFPAXGF0JPAJ@Z)
MainForm.obj : error LNK2001: 확인할 수 없는 외부 기호 "extern "C" short __stdcall SQLBindCol(void *,unsigned short,short,void *,long,long *)" (?SQLBindCol@@$$J224YGFPAXGF0JPAJ@Z)
SelectQueryForm.obj : error LNK2001: 확인할 수 없는 외부 기호 "extern "C" short __stdcall SQLBindCol(void *,unsigned short,short,void *,long,long *)" (?SQLBindCol@@$$J224YGFPAXGF0JPAJ@Z)
UpdateQueryForm.obj : error LNK2001: 확인할 수 없는 외부 기호 "extern "C" short __stdcall SQLFetch(void *)" (?SQLFetch@@$$J14YGFPAX@Z)
CustomQueryForm.obj : error LNK2001: 확인할 수 없는 외부 기호 "extern "C" short __stdcall SQLFetch(void *)" (?SQLFetch@@$$J14YGFPAX@Z)
DeleteQueryForm.obj : error LNK2001: 확인할 수 없는 외부 기호 "extern "C" short __stdcall SQLFetch(void *)" (?SQLFetch@@$$J14YGFPAX@Z)
MainForm.obj : error LNK2001: 확인할 수 없는 외부 기호 "extern "C" short __stdcall SQLFetch(void *)" (?SQLFetch@@$$J14YGFPAX@Z)
SelectQueryForm.obj : error LNK2001: 확인할 수 없는 외부 기호 "extern "C" short __stdcall SQLFetch(void *)" (?SQLFetch@@$$J14YGFPAX@Z)
SelectQueryForm.obj : error LNK2001: 확인할 수 없는 외부 기호 "extern "C" short __stdcall SQLCloseCursor(void *)" (?SQLCloseCursor@@$$J14YGFPAX@Z)
SchemaCheckForm.obj : error LNK2001: 확인할 수 없는 외부 기호 "extern "C" short __stdcall SQLCloseCursor(void *)" (?SQLCloseCursor@@$$J14YGFPAX@Z)
UpdateQueryForm.obj : error LNK2001: 확인할 수 없는 외부 기호 "extern "C" short __stdcall SQLCloseCursor(void *)" (?SQLCloseCursor@@$$J14YGFPAX@Z)
CustomQueryForm.obj : error LNK2001: 확인할 수 없는 외부 기호 "extern "C" short __stdcall SQLCloseCursor(void *)" (?SQLCloseCursor@@$$J14YGFPAX@Z)
DeleteQueryForm.obj : error LNK2001: 확인할 수 없는 외부 기호 "extern "C" short __stdcall SQLCloseCursor(void *)" (?SQLCloseCursor@@$$J14YGFPAX@Z)
InsertQueryForm.obj : error LNK2001: 확인할 수 없는 외부 기호 "extern "C" short __stdcall SQLCloseCursor(void *)" (?SQLCloseCursor@@$$J14YGFPAX@Z)
MainForm.obj : error LNK2001: 확인할 수 없는 외부 기호 "extern "C" short __stdcall SQLCloseCursor(void *)" (?SQLCloseCursor@@$$J14YGFPAX@Z)
D:\Documents\과제\데이터베이스\데이터베이스 미니프로젝트3\PC_Franchise\Release\PC_Franchise.exe : fatal error LNK1120: 82개의 확인할 수 없는 외부 참조입니다.
